<?xml version="1.0" encoding="UTF-8"?>
<!-- Generated by org.testng.reporters.JUnitReportReporter -->
<testsuite hostname="LAPTOP-DBR0E06H" name="DressPageTest" tests="1" failures="0" timestamp="2 Jan 2020 07:36:48 GMT" time="2.067" errors="0">
  <testcase name="ReadExcel" time="2.067" classname="DressPageTest"/>
</testsuite> <!-- DressPageTest -->
