<?xml version="1.0" encoding="UTF-8"?>
<!-- Generated by org.testng.reporters.JUnitReportReporter -->
<testsuite hostname="LAPTOP-DBR0E06H" name="Annotation" tests="3" failures="0" timestamp="10 Apr 2020 13:50:18 GMT" time="45.395" errors="0">
  <testcase name="login" time="13.250" classname="Annotation"/>
  <testcase name="login" time="16.280" classname="Annotation"/>
  <testcase name="login" time="15.865" classname="Annotation"/>
</testsuite> <!-- Annotation -->
