<?xml version="1.0" encoding="UTF-8"?>
<!-- Generated by org.testng.reporters.JUnitReportReporter -->
<testsuite hostname="LAPTOP-DBR0E06H" name="excelread" tests="1" failures="0" timestamp="11 Dec 2019 09:12:45 GMT" time="1.997" errors="0">
  <testcase name="read" time="1.997" classname="excelread"/>
</testsuite> <!-- excelread -->
