<?xml version="1.0" encoding="UTF-8"?>
<!-- Generated by org.testng.reporters.JUnitReportReporter -->
<testsuite hostname="LAPTOP-DBR0E06H" name="WriteXel" tests="1" failures="0" timestamp="1 Mar 2020 07:50:58 GMT" time="2.374" errors="0">
  <testcase name="writeExcel" time="2.374" classname="WriteXel"/>
</testsuite> <!-- WriteXel -->
