<?xml version="1.0" encoding="UTF-8"?>
<!-- Generated by org.testng.reporters.JUnitReportReporter -->
<testsuite hostname="LAPTOP-DBR0E06H" name="excelwrite" tests="1" failures="0" timestamp="11 Dec 2019 09:33:42 GMT" time="2.248" errors="0">
  <testcase name="read" time="2.248" classname="excelwrite"/>
</testsuite> <!-- excelwrite -->
